BEGIN:VCALENDAR
PRODID:iCal4J
CALSCALE:GREGORIAN
VERSION:2.0
BEGIN:VEVENT
DTSTAMP:20230713T010038Z
DTSTART:20051026T150000
SUMMARY:Champion tournament Match: Local Player E4 VS Visiting Player E4
UID:737a7b95-131b-4798-9436-5e214801115c
DURATION:PT2H
DESCRIPTION:Local Player: E4 Visiting Player: E4
END:VEVENT
BEGIN:VEVENT
DTSTAMP:20230713T010040Z
DTSTART:20051025T130000
SUMMARY:Champion tournament Match: Local Player E4 VS Visiting Player E4
UID:85993914-0539-452f-baae-8376807226a9
DURATION:PT2H
DESCRIPTION:Local Player: E4 Visiting Player: E4
END:VEVENT
BEGIN:VEVENT
DTSTAMP:20230713T010040Z
DTSTART:20051026T130000
SUMMARY:Champion tournament Match: Local Player E2 VS Visiting Player E2
UID:e1ea9be0-f8d4-4782-8f87-341c58b13cfe
DURATION:PT2H
DESCRIPTION:Local Player: E2 Visiting Player: E2
END:VEVENT
BEGIN:VEVENT
DTSTAMP:20230713T010040Z
DTSTART:20051027T130000
SUMMARY:Champion tournament Match: Local Player E4 VS Visiting Player E4
UID:4054ccd8-f949-41c7-9ccf-13a710da7c5a
DURATION:PT2H
DESCRIPTION:Local Player: E4 Visiting Player: E4
END:VEVENT
BEGIN:VEVENT
DTSTAMP:20230713T010040Z
DTSTART:20051024T130000
SUMMARY:Champion tournament Match: Local Player E2 VS Visiting Player E2
UID:6667f448-1ca1-468f-b2a8-4538a36f67b3
DURATION:PT2H
DESCRIPTION:Local Player: E2 Visiting Player: E2
END:VEVENT
BEGIN:VEVENT
DTSTAMP:20230713T010040Z
DTSTART:20051028T150000
SUMMARY:Champion tournament Match: Local Player E4 VS Visiting Player E4
UID:88e9ca17-0996-4ce6-a3c7-d9481bccfcca
DURATION:PT2H
DESCRIPTION:Local Player: E4 Visiting Player: E4
END:VEVENT
BEGIN:VEVENT
DTSTAMP:20230713T010040Z
DTSTART:20051028T130000
SUMMARY:Champion tournament Match: Local Player E2 VS Visiting Player E2
UID:16764018-4f3e-4e45-9828-ce6d3e260a4b
DURATION:PT2H
DESCRIPTION:Local Player: E2 Visiting Player: E2
END:VEVENT
BEGIN:VEVENT
DTSTAMP:20230713T010040Z
DTSTART:20051029T130000
SUMMARY:Champion tournament Match: Local Player E4 VS Visiting Player E4
UID:025b60fc-d661-419f-9745-d3f778012eb1
DURATION:PT2H
DESCRIPTION:Local Player: E4 Visiting Player: E4
END:VEVENT
BEGIN:VEVENT
DTSTAMP:20230713T010040Z
DTSTART:20051024T150000
SUMMARY:Champion tournament Match: Local Player E4 VS Visiting Player E4
UID:5c03fce3-3bc7-4aa9-9d0b-562b1fbfa7a2
DURATION:PT2H
DESCRIPTION:Local Player: E4 Visiting Player: E4
END:VEVENT
END:VCALENDAR
